C51 COMPILER V9.53.0.0   STST                                                              08/28/2024 12:44:35 PAGE 1   


C51 COMPILER V9.53.0.0, COMPILATION OF MODULE STST
OBJECT MODULE PLACED IN stst.OBJ
COMPILER INVOKED BY: C:\Keil_v5\C51\BIN\C51.EXE stst.c OPTIMIZE(8,SPEED) BROWSE DEBUG OBJECTEXTEND TABS(2)

line level    source

   1          #include<regx52.h>
   2          void delay(unsigned int);
   3          void main()
   4          {
   5   1      while(1)
   6   1      {
   7   2      P1=0x01;
   8   2      delay(1000);
   9   2      P1=0x03;
  10   2      delay(1000);
  11   2      P1=0x02;
  12   2      delay(1000);
  13   2      P1=0x06;
  14   2      delay(1000);
  15   2      P1=0x04;
  16   2      delay(1000);
  17   2      P1=0x0C;
  18   2      delay(1000);
  19   2      P1=0x08;
  20   2      delay(1000);
  21   2      P1=0x09;
  22   2      delay(1000);
  23   2      }}
  24          void delay(unsigned int a)
  25          {
  26   1      unsigned char i;
  27   1      for(;a>0;a--)
  28   1      {
  29   2      for(i=250;i>0;i--);
  30   2      }}


MODULE INFORMATION:   STATIC OVERLAYABLE
   CODE SIZE        =     75    ----
   CONSTANT SIZE    =   ----    ----
   XDATA SIZE       =   ----    ----
   PDATA SIZE       =   ----    ----
   DATA SIZE        =   ----    ----
   IDATA SIZE       =   ----    ----
   BIT SIZE         =   ----    ----
END OF MODULE INFORMATION.


C51 COMPILATION COMPLETE.  0 WARNING(S),  0 ERROR(S)
